timestamp: 2020-05-30T13:40:56.072372
CREATE TABLE "py4web_session"(
    "id" INTEGER PRIMARY KEY AUTOINCREMENT,
    "rkey" CHAR(512),
    "rvalue" TEXT,
    "expiration" INTEGER,
    "created_on" TIMESTAMP,
    "expires_on" TIMESTAMP
);
success!
timestamp: 2020-05-30T13:40:56.092708
CREATE TABLE "auth_user"(
    "id" INTEGER PRIMARY KEY AUTOINCREMENT,
    "email" CHAR(512) UNIQUE,
    "password" CHAR(512),
    "first_name" CHAR(512),
    "last_name" CHAR(512),
    "sso_id" CHAR(512),
    "action_token" CHAR(512),
    "last_password_change" TIMESTAMP
);
success!
timestamp: 2020-05-30T13:40:56.106596
CREATE TABLE "auth_user_tag_groups"(
    "id" INTEGER PRIMARY KEY AUTOINCREMENT,
    "path" CHAR(512),
    "record_id" INTEGER REFERENCES "auth_user" ("id") ON DELETE CASCADE  
);
success!
timestamp: 2020-05-30T13:58:12.799665
CREATE TABLE "post"(
    "id" INTEGER PRIMARY KEY AUTOINCREMENT,
    "email" CHAR(512),
    "content" TEXT
);
success!
timestamp: 2020-05-30T14:21:13.225528
CREATE TABLE "posvt"(
    "id" INTEGER PRIMARY KEY AUTOINCREMENT,
    "email" CHAR(512),
    "content" TEXT
);
timestamp: 2020-05-30T14:21:47.969766
CREATE TABLE "posty"(
    "id" INTEGER PRIMARY KEY AUTOINCREMENT,
    "email" CHAR(512),
    "content" TEXT
);
timestamp: 2020-05-30T14:21:57.765250
CREATE TABLE "posty"(
    "id" INTEGER PRIMARY KEY AUTOINCREMENT,
    "email" CHAR(512),
    "content" TEXT
);
success!
success!
success!
timestamp: 2020-05-30T15:42:23.095469
ALTER TABLE "post" ADD "title" TEXT;
success!
timestamp: 2020-05-30T17:12:52.372976
ALTER TABLE "post" ADD "color" TEXT;
timestamp: 2020-05-30T17:13:19.895963
ALTER TABLE "post" ADD "color" TEXT;
success!
timestamp: 2020-05-30T18:58:19.835817
ALTER TABLE "post" ADD "star" CHAR(1);
timestamp: 2020-05-30T19:01:05.105676
ALTER TABLE "post" ADD "star" CHAR(1);
success!
timestamp: 2020-06-04T12:01:39.097347
ALTER TABLE "post" ADD "post_date" TIMESTAMP;
timestamp: 2020-06-04T12:01:44.993287
ALTER TABLE "post" ADD "post_date" TIMESTAMP;
success!
