timestamp: 2020-04-09T10:24:59.696878
CREATE TABLE "auth_user"(
    "id" INTEGER PRIMARY KEY AUTOINCREMENT,
    "username" CHAR(512) UNIQUE,
    "email" CHAR(512) UNIQUE,
    "password" CHAR(512),
    "first_name" CHAR(512),
    "last_name" CHAR(512),
    "sso_id" CHAR(512),
    "action_token" CHAR(512)
);
success!
timestamp: 2020-04-09T10:24:59.734078
CREATE TABLE "auth_user_tag_groups"(
    "id" INTEGER PRIMARY KEY AUTOINCREMENT,
    "path" CHAR(512),
    "record_id" INTEGER REFERENCES "auth_user" ("id") ON DELETE CASCADE  
);
success!
timestamp: 2020-04-09T10:24:59.747470
CREATE TABLE "person"(
    "id" INTEGER PRIMARY KEY AUTOINCREMENT,
    "name" CHAR(512),
    "job" CHAR(512)
);
success!
timestamp: 2020-04-09T10:24:59.760366
CREATE TABLE "superhero"(
    "id" INTEGER PRIMARY KEY AUTOINCREMENT,
    "name" CHAR(512),
    "real_identity" INTEGER REFERENCES "person" ("id") ON DELETE CASCADE  
);
success!
timestamp: 2020-04-09T10:24:59.777726
CREATE TABLE "superpower"(
    "id" INTEGER PRIMARY KEY AUTOINCREMENT,
    "description" CHAR(512)
);
success!
timestamp: 2020-04-09T10:24:59.791615
CREATE TABLE "tag"(
    "id" INTEGER PRIMARY KEY AUTOINCREMENT,
    "superhero" INTEGER REFERENCES "superhero" ("id") ON DELETE CASCADE  ,
    "superpower" INTEGER REFERENCES "superpower" ("id") ON DELETE CASCADE  ,
    "strength" INTEGER
);
success!
timestamp: 2020-05-02T14:59:55.250672
ALTER TABLE "auth_user" ADD "phone_number" CHAR(512);
timestamp: 2020-05-02T14:59:55.274480
ALTER TABLE "auth_user" ADD "last_password_change" TIMESTAMP;
success!
timestamp: 2020-05-02T14:59:55.296304
ALTER TABLE "person" ADD "resume" TEXT;
success!
